<?xml version="1.0" encoding="UTF-8"?>
<testsuite xmlns:xsi="http://www.w3.org/2001/XMLSchema-instance" xsi:noNamespaceSchemaLocation="https://maven.apache.org/surefire/maven-surefire-plugin/xsd/surefire-test-report-3.0.xsd" version="3.0" name="java_custom_rules.SonarRules.AppTest" time="0.057" tests="1" errors="0" skipped="0" failures="0">
  <properties>
    <property name="sun.desktop" value="windows"/>
    <property name="awt.toolkit" value="sun.awt.windows.WToolkit"/>
    <property name="file.encoding.pkg" value="sun.io"/>
    <property name="java.specification.version" value="1.8"/>
    <property name="sun.cpu.isalist" value="amd64"/>
    <property name="sun.jnu.encoding" value="Cp1252"/>
    <property name="java.class.path" value="C:\Users\a.g.swaminathan\Documents\OneDrive_2019-09-18\Code Quality with SonarQube\participants\activity\sample_codes\java_custom_rules\target\test-classes;C:\Users\a.g.swaminathan\Documents\OneDrive_2019-09-18\Code Quality with SonarQube\participants\activity\sample_codes\java_custom_rules\target\classes;C:\Users\a.g.swaminathan\.m2\repository\org\codehaus\sonar\sonar-plugin-api\4.5.6\sonar-plugin-api-4.5.6.jar;C:\Users\a.g.swaminathan\.m2\repository\com\google\code\findbugs\jsr305\1.3.9\jsr305-1.3.9.jar;C:\Users\a.g.swaminathan\.m2\repository\org\codehaus\sonar\sonar-check-api\4.5.6\sonar-check-api-4.5.6.jar;C:\Users\a.g.swaminathan\.m2\repository\org\codehaus\sonar\sonar-colorizer\4.5.6\sonar-colorizer-4.5.6.jar;C:\Users\a.g.swaminathan\.m2\repository\org\codehaus\sonar\sonar-channel\4.1\sonar-channel-4.1.jar;C:\Users\a.g.swaminathan\.m2\repository\org\codehaus\sonar\sonar-duplications\4.5.6\sonar-duplications-4.5.6.jar;C:\Users\a.g.swaminathan\.m2\repository\org\codehaus\sonar\sonar-graph\4.5.6\sonar-graph-4.5.6.jar;C:\Users\a.g.swaminathan\.m2\repository\commons-lang\commons-lang\2.6\commons-lang-2.6.jar;C:\Users\a.g.swaminathan\.m2\repository\org\codehaus\sonar\sonar-squid\4.1\sonar-squid-4.1.jar;C:\Users\a.g.swaminathan\.m2\repository\commons-io\commons-io\2.4\commons-io-2.4.jar;C:\Users\a.g.swaminathan\.m2\repository\org\hibernate\hibernate-annotations\3.4.0.GA\hibernate-annotations-3.4.0.GA.jar;C:\Users\a.g.swaminathan\.m2\repository\org\hibernate\ejb3-persistence\1.0.2.GA\ejb3-persistence-1.0.2.GA.jar;C:\Users\a.g.swaminathan\.m2\repository\org\hibernate\hibernate-commons-annotations\3.1.0.GA\hibernate-commons-annotations-3.1.0.GA.jar;C:\Users\a.g.swaminathan\.m2\repository\dom4j\dom4j\1.6.1\dom4j-1.6.1.jar;C:\Users\a.g.swaminathan\.m2\repository\com\google\guava\guava\10.0.1\guava-10.0.1.jar;C:\Users\a.g.swaminathan\.m2\repository\commons-configuration\commons-configuration\1.6\commons-configuration-1.6.jar;C:\Users\a.g.swaminathan\.m2\repository\commons-collections\commons-collections\3.2.1\commons-collections-3.2.1.jar;C:\Users\a.g.swaminathan\.m2\repository\commons-codec\commons-codec\1.8\commons-codec-1.8.jar;C:\Users\a.g.swaminathan\.m2\repository\org\slf4j\slf4j-api\1.7.5\slf4j-api-1.7.5.jar;C:\Users\a.g.swaminathan\.m2\repository\org\slf4j\jcl-over-slf4j\1.7.5\jcl-over-slf4j-1.7.5.jar;C:\Users\a.g.swaminathan\.m2\repository\org\slf4j\log4j-over-slf4j\1.7.5\log4j-over-slf4j-1.7.5.jar;C:\Users\a.g.swaminathan\.m2\repository\com\thoughtworks\xstream\xstream\1.3.1\xstream-1.3.1.jar;C:\Users\a.g.swaminathan\.m2\repository\xpp3\xpp3\1.1.3.3\xpp3-1.1.3.3.jar;C:\Users\a.g.swaminathan\.m2\repository\org\codehaus\woodstox\woodstox-core-lgpl\4.4.0\woodstox-core-lgpl-4.4.0.jar;C:\Users\a.g.swaminathan\.m2\repository\javax\xml\stream\stax-api\1.0-2\stax-api-1.0-2.jar;C:\Users\a.g.swaminathan\.m2\repository\org\codehaus\woodstox\stax2-api\3.1.4\stax2-api-3.1.4.jar;C:\Users\a.g.swaminathan\.m2\repository\org\codehaus\staxmate\staxmate\2.0.1\staxmate-2.0.1.jar;C:\Users\a.g.swaminathan\.m2\repository\org\sonarsource\java\sonar-java-plugin\3.13.1\sonar-java-plugin-3.13.1.jar;C:\Users\a.g.swaminathan\.m2\repository\org\sonarsource\java\java-surefire\3.13.1\java-surefire-3.13.1.jar;C:\Users\a.g.swaminathan\.m2\repository\org\sonarsource\java\java-jacoco\3.13.1\java-jacoco-3.13.1.jar;C:\Users\a.g.swaminathan\.m2\repository\org\jacoco\org.jacoco.core\0.7.5.201505241946\org.jacoco.core-0.7.5.201505241946.jar;C:\Users\a.g.swaminathan\.m2\repository\org\sonarsource\java\java-jacoco-previous\3.13.1\java-jacoco-previous-3.13.1.jar;C:\Users\a.g.swaminathan\.m2\repository\org\sonarsource\java\java-checks\3.13.1\java-checks-3.13.1.jar;C:\Users\a.g.swaminathan\.m2\repository\org\sonarsource\java\java-frontend\3.13.1\java-frontend-3.13.1.jar;C:\Users\a.g.swaminathan\.m2\repository\org\sonarsource\sslr\sslr-core\1.21\sslr-core-1.21.jar;C:\Users\a.g.swaminathan\.m2\repository\cglib\cglib-nodep\3.1\cglib-nodep-3.1.jar;C:\Users\a.g.swaminathan\.m2\repository\org\sonarsource\java\sonar-compat\3.13.1\sonar-compat-3.13.1.jar;C:\Users\a.g.swaminathan\.m2\repository\org\mockito\mockito-all\1.9.0\mockito-all-1.9.0.jar;C:\Users\a.g.swaminathan\.m2\repository\org\sonarsource\java\java-maven-model\3.13.1\java-maven-model-3.13.1.jar;C:\Users\a.g.swaminathan\.m2\repository\org\ow2\asm\asm-debug-all\5.0.3\asm-debug-all-5.0.3.jar;C:\Users\a.g.swaminathan\.m2\repository\org\apache\maven\maven-project\2.0.7\maven-project-2.0.7.jar;C:\Users\a.g.swaminathan\.m2\repository\org\apache\maven\maven-settings\2.0.7\maven-settings-2.0.7.jar;C:\Users\a.g.swaminathan\.m2\repository\org\apache\maven\maven-profile\2.0.7\maven-profile-2.0.7.jar;C:\Users\a.g.swaminathan\.m2\repository\org\apache\maven\maven-model\2.0.7\maven-model-2.0.7.jar;C:\Users\a.g.swaminathan\.m2\repository\org\apache\maven\maven-artifact-manager\2.0.7\maven-artifact-manager-2.0.7.jar;C:\Users\a.g.swaminathan\.m2\repository\org\apache\maven\maven-repository-metadata\2.0.7\maven-repository-metadata-2.0.7.jar;C:\Users\a.g.swaminathan\.m2\repository\org\apache\maven\wagon\wagon-provider-api\1.0-beta-2\wagon-provider-api-1.0-beta-2.jar;C:\Users\a.g.swaminathan\.m2\repository\org\apache\maven\maven-plugin-registry\2.0.7\maven-plugin-registry-2.0.7.jar;C:\Users\a.g.swaminathan\.m2\repository\org\codehaus\plexus\plexus-utils\1.4.1\plexus-utils-1.4.1.jar;C:\Users\a.g.swaminathan\.m2\repository\org\apache\maven\maven-artifact\2.0.7\maven-artifact-2.0.7.jar;C:\Users\a.g.swaminathan\.m2\repository\org\codehaus\plexus\plexus-container-default\1.0-alpha-9-stable-1\plexus-container-default-1.0-alpha-9-stable-1.jar;C:\Users\a.g.swaminathan\.m2\repository\classworlds\classworlds\1.1-alpha-2\classworlds-1.1-alpha-2.jar;C:\Users\a.g.swaminathan\.m2\repository\org\sonarsource\sslr-squid-bridge\sslr-squid-bridge\2.6.1\sslr-squid-bridge-2.6.1.jar;C:\Users\a.g.swaminathan\.m2\repository\org\codehaus\sonar\sslr\sslr-xpath\1.20\sslr-xpath-1.20.jar;C:\Users\a.g.swaminathan\.m2\repository\jaxen\jaxen\1.1.4\jaxen-1.1.4.jar;C:\Users\a.g.swaminathan\.m2\repository\org\picocontainer\picocontainer\2.14.1\picocontainer-2.14.1.jar;C:\Users\a.g.swaminathan\.m2\repository\org\sonarsource\java\java-checks-testkit\3.13.1\java-checks-testkit-3.13.1.jar;C:\Users\a.g.swaminathan\.m2\repository\org\codehaus\sonar\sslr\sslr-testing-harness\1.19.2\sslr-testing-harness-1.19.2.jar;C:\Users\a.g.swaminathan\.m2\repository\org\codehaus\sonar\sslr\sslr-core\1.19.2\sslr-core-1.19.2.jar;C:\Users\a.g.swaminathan\.m2\repository\org\codehaus\sonar\sslr\sslr-toolkit\1.19.2\sslr-toolkit-1.19.2.jar;C:\Users\a.g.swaminathan\.m2\repository\org\hamcrest\hamcrest-all\1.1\hamcrest-all-1.1.jar;C:\Users\a.g.swaminathan\.m2\repository\junit\junit\4.11\junit-4.11.jar;C:\Users\a.g.swaminathan\.m2\repository\org\hamcrest\hamcrest-core\1.3\hamcrest-core-1.3.jar;C:\Users\a.g.swaminathan\.m2\repository\org\easytesting\fest-assert\1.4\fest-assert-1.4.jar;C:\Users\a.g.swaminathan\.m2\repository\org\easytesting\fest-util\1.1.6\fest-util-1.1.6.jar;C:\Users\a.g.swaminathan\.m2\repository\ch\qos\logback\logback-classic\0.9.30\logback-classic-0.9.30.jar;C:\Users\a.g.swaminathan\.m2\repository\ch\qos\logback\logback-core\0.9.30\logback-core-0.9.30.jar;"/>
    <property name="java.vm.vendor" value="Oracle Corporation"/>
    <property name="sun.arch.data.model" value="64"/>
    <property name="user.variant" value=""/>
    <property name="java.vendor.url" value="http://java.oracle.com/"/>
    <property name="user.timezone" value="Asia/Calcutta"/>
    <property name="java.vm.specification.version" value="1.8"/>
    <property name="os.name" value="Windows 10"/>
    <property name="user.country" value="US"/>
    <property name="sun.java.launcher" value="SUN_STANDARD"/>
    <property name="sun.boot.library.path" value="C:\Program Files\Java\jdk1.8.0_221\jre\bin"/>
    <property name="sun.java.command" value="C:\Users\a.g.swaminathan\AppData\Local\Temp\surefire5086018568483845923\surefirebooter2058994274977748675.jar C:\Users\a.g.swaminathan\AppData\Local\Temp\surefire5086018568483845923 2019-09-19T16-19-30_869-jvmRun1 surefire2727863841998724697tmp surefire_04684303840048306158tmp"/>
    <property name="surefire.test.class.path" value="C:\Users\a.g.swaminathan\Documents\OneDrive_2019-09-18\Code Quality with SonarQube\participants\activity\sample_codes\java_custom_rules\target\test-classes;C:\Users\a.g.swaminathan\Documents\OneDrive_2019-09-18\Code Quality with SonarQube\participants\activity\sample_codes\java_custom_rules\target\classes;C:\Users\a.g.swaminathan\.m2\repository\org\codehaus\sonar\sonar-plugin-api\4.5.6\sonar-plugin-api-4.5.6.jar;C:\Users\a.g.swaminathan\.m2\repository\com\google\code\findbugs\jsr305\1.3.9\jsr305-1.3.9.jar;C:\Users\a.g.swaminathan\.m2\repository\org\codehaus\sonar\sonar-check-api\4.5.6\sonar-check-api-4.5.6.jar;C:\Users\a.g.swaminathan\.m2\repository\org\codehaus\sonar\sonar-colorizer\4.5.6\sonar-colorizer-4.5.6.jar;C:\Users\a.g.swaminathan\.m2\repository\org\codehaus\sonar\sonar-channel\4.1\sonar-channel-4.1.jar;C:\Users\a.g.swaminathan\.m2\repository\org\codehaus\sonar\sonar-duplications\4.5.6\sonar-duplications-4.5.6.jar;C:\Users\a.g.swaminathan\.m2\repository\org\codehaus\sonar\sonar-graph\4.5.6\sonar-graph-4.5.6.jar;C:\Users\a.g.swaminathan\.m2\repository\commons-lang\commons-lang\2.6\commons-lang-2.6.jar;C:\Users\a.g.swaminathan\.m2\repository\org\codehaus\sonar\sonar-squid\4.1\sonar-squid-4.1.jar;C:\Users\a.g.swaminathan\.m2\repository\commons-io\commons-io\2.4\commons-io-2.4.jar;C:\Users\a.g.swaminathan\.m2\repository\org\hibernate\hibernate-annotations\3.4.0.GA\hibernate-annotations-3.4.0.GA.jar;C:\Users\a.g.swaminathan\.m2\repository\org\hibernate\ejb3-persistence\1.0.2.GA\ejb3-persistence-1.0.2.GA.jar;C:\Users\a.g.swaminathan\.m2\repository\org\hibernate\hibernate-commons-annotations\3.1.0.GA\hibernate-commons-annotations-3.1.0.GA.jar;C:\Users\a.g.swaminathan\.m2\repository\dom4j\dom4j\1.6.1\dom4j-1.6.1.jar;C:\Users\a.g.swaminathan\.m2\repository\com\google\guava\guava\10.0.1\guava-10.0.1.jar;C:\Users\a.g.swaminathan\.m2\repository\commons-configuration\commons-configuration\1.6\commons-configuration-1.6.jar;C:\Users\a.g.swaminathan\.m2\repository\commons-collections\commons-collections\3.2.1\commons-collections-3.2.1.jar;C:\Users\a.g.swaminathan\.m2\repository\commons-codec\commons-codec\1.8\commons-codec-1.8.jar;C:\Users\a.g.swaminathan\.m2\repository\org\slf4j\slf4j-api\1.7.5\slf4j-api-1.7.5.jar;C:\Users\a.g.swaminathan\.m2\repository\org\slf4j\jcl-over-slf4j\1.7.5\jcl-over-slf4j-1.7.5.jar;C:\Users\a.g.swaminathan\.m2\repository\org\slf4j\log4j-over-slf4j\1.7.5\log4j-over-slf4j-1.7.5.jar;C:\Users\a.g.swaminathan\.m2\repository\com\thoughtworks\xstream\xstream\1.3.1\xstream-1.3.1.jar;C:\Users\a.g.swaminathan\.m2\repository\xpp3\xpp3\1.1.3.3\xpp3-1.1.3.3.jar;C:\Users\a.g.swaminathan\.m2\repository\org\codehaus\woodstox\woodstox-core-lgpl\4.4.0\woodstox-core-lgpl-4.4.0.jar;C:\Users\a.g.swaminathan\.m2\repository\javax\xml\stream\stax-api\1.0-2\stax-api-1.0-2.jar;C:\Users\a.g.swaminathan\.m2\repository\org\codehaus\woodstox\stax2-api\3.1.4\stax2-api-3.1.4.jar;C:\Users\a.g.swaminathan\.m2\repository\org\codehaus\staxmate\staxmate\2.0.1\staxmate-2.0.1.jar;C:\Users\a.g.swaminathan\.m2\repository\org\sonarsource\java\sonar-java-plugin\3.13.1\sonar-java-plugin-3.13.1.jar;C:\Users\a.g.swaminathan\.m2\repository\org\sonarsource\java\java-surefire\3.13.1\java-surefire-3.13.1.jar;C:\Users\a.g.swaminathan\.m2\repository\org\sonarsource\java\java-jacoco\3.13.1\java-jacoco-3.13.1.jar;C:\Users\a.g.swaminathan\.m2\repository\org\jacoco\org.jacoco.core\0.7.5.201505241946\org.jacoco.core-0.7.5.201505241946.jar;C:\Users\a.g.swaminathan\.m2\repository\org\sonarsource\java\java-jacoco-previous\3.13.1\java-jacoco-previous-3.13.1.jar;C:\Users\a.g.swaminathan\.m2\repository\org\sonarsource\java\java-checks\3.13.1\java-checks-3.13.1.jar;C:\Users\a.g.swaminathan\.m2\repository\org\sonarsource\java\java-frontend\3.13.1\java-frontend-3.13.1.jar;C:\Users\a.g.swaminathan\.m2\repository\org\sonarsource\sslr\sslr-core\1.21\sslr-core-1.21.jar;C:\Users\a.g.swaminathan\.m2\repository\cglib\cglib-nodep\3.1\cglib-nodep-3.1.jar;C:\Users\a.g.swaminathan\.m2\repository\org\sonarsource\java\sonar-compat\3.13.1\sonar-compat-3.13.1.jar;C:\Users\a.g.swaminathan\.m2\repository\org\mockito\mockito-all\1.9.0\mockito-all-1.9.0.jar;C:\Users\a.g.swaminathan\.m2\repository\org\sonarsource\java\java-maven-model\3.13.1\java-maven-model-3.13.1.jar;C:\Users\a.g.swaminathan\.m2\repository\org\ow2\asm\asm-debug-all\5.0.3\asm-debug-all-5.0.3.jar;C:\Users\a.g.swaminathan\.m2\repository\org\apache\maven\maven-project\2.0.7\maven-project-2.0.7.jar;C:\Users\a.g.swaminathan\.m2\repository\org\apache\maven\maven-settings\2.0.7\maven-settings-2.0.7.jar;C:\Users\a.g.swaminathan\.m2\repository\org\apache\maven\maven-profile\2.0.7\maven-profile-2.0.7.jar;C:\Users\a.g.swaminathan\.m2\repository\org\apache\maven\maven-model\2.0.7\maven-model-2.0.7.jar;C:\Users\a.g.swaminathan\.m2\repository\org\apache\maven\maven-artifact-manager\2.0.7\maven-artifact-manager-2.0.7.jar;C:\Users\a.g.swaminathan\.m2\repository\org\apache\maven\maven-repository-metadata\2.0.7\maven-repository-metadata-2.0.7.jar;C:\Users\a.g.swaminathan\.m2\repository\org\apache\maven\wagon\wagon-provider-api\1.0-beta-2\wagon-provider-api-1.0-beta-2.jar;C:\Users\a.g.swaminathan\.m2\repository\org\apache\maven\maven-plugin-registry\2.0.7\maven-plugin-registry-2.0.7.jar;C:\Users\a.g.swaminathan\.m2\repository\org\codehaus\plexus\plexus-utils\1.4.1\plexus-utils-1.4.1.jar;C:\Users\a.g.swaminathan\.m2\repository\org\apache\maven\maven-artifact\2.0.7\maven-artifact-2.0.7.jar;C:\Users\a.g.swaminathan\.m2\repository\org\codehaus\plexus\plexus-container-default\1.0-alpha-9-stable-1\plexus-container-default-1.0-alpha-9-stable-1.jar;C:\Users\a.g.swaminathan\.m2\repository\classworlds\classworlds\1.1-alpha-2\classworlds-1.1-alpha-2.jar;C:\Users\a.g.swaminathan\.m2\repository\org\sonarsource\sslr-squid-bridge\sslr-squid-bridge\2.6.1\sslr-squid-bridge-2.6.1.jar;C:\Users\a.g.swaminathan\.m2\repository\org\codehaus\sonar\sslr\sslr-xpath\1.20\sslr-xpath-1.20.jar;C:\Users\a.g.swaminathan\.m2\repository\jaxen\jaxen\1.1.4\jaxen-1.1.4.jar;C:\Users\a.g.swaminathan\.m2\repository\org\picocontainer\picocontainer\2.14.1\picocontainer-2.14.1.jar;C:\Users\a.g.swaminathan\.m2\repository\org\sonarsource\java\java-checks-testkit\3.13.1\java-checks-testkit-3.13.1.jar;C:\Users\a.g.swaminathan\.m2\repository\org\codehaus\sonar\sslr\sslr-testing-harness\1.19.2\sslr-testing-harness-1.19.2.jar;C:\Users\a.g.swaminathan\.m2\repository\org\codehaus\sonar\sslr\sslr-core\1.19.2\sslr-core-1.19.2.jar;C:\Users\a.g.swaminathan\.m2\repository\org\codehaus\sonar\sslr\sslr-toolkit\1.19.2\sslr-toolkit-1.19.2.jar;C:\Users\a.g.swaminathan\.m2\repository\org\hamcrest\hamcrest-all\1.1\hamcrest-all-1.1.jar;C:\Users\a.g.swaminathan\.m2\repository\junit\junit\4.11\junit-4.11.jar;C:\Users\a.g.swaminathan\.m2\repository\org\hamcrest\hamcrest-core\1.3\hamcrest-core-1.3.jar;C:\Users\a.g.swaminathan\.m2\repository\org\easytesting\fest-assert\1.4\fest-assert-1.4.jar;C:\Users\a.g.swaminathan\.m2\repository\org\easytesting\fest-util\1.1.6\fest-util-1.1.6.jar;C:\Users\a.g.swaminathan\.m2\repository\ch\qos\logback\logback-classic\0.9.30\logback-classic-0.9.30.jar;C:\Users\a.g.swaminathan\.m2\repository\ch\qos\logback\logback-core\0.9.30\logback-core-0.9.30.jar;"/>
    <property name="sun.cpu.endian" value="little"/>
    <property name="user.home" value="C:\Users\a.g.swaminathan"/>
    <property name="user.language" value="en"/>
    <property name="java.specification.vendor" value="Oracle Corporation"/>
    <property name="java.home" value="C:\Program Files\Java\jdk1.8.0_221\jre"/>
    <property name="basedir" value="C:\Users\a.g.swaminathan\Documents\OneDrive_2019-09-18\Code Quality with SonarQube\participants\activity\sample_codes\java_custom_rules"/>
    <property name="file.separator" value="\"/>
    <property name="line.separator" value="&#10;"/>
    <property name="java.vm.specification.vendor" value="Oracle Corporation"/>
    <property name="java.specification.name" value="Java Platform API Specification"/>
    <property name="java.awt.graphicsenv" value="sun.awt.Win32GraphicsEnvironment"/>
    <property name="surefire.real.class.path" value="C:\Users\a.g.swaminathan\AppData\Local\Temp\surefire5086018568483845923\surefirebooter2058994274977748675.jar"/>
    <property name="sun.boot.class.path" value="C:\Program Files\Java\jdk1.8.0_221\jre\lib\resources.jar;C:\Program Files\Java\jdk1.8.0_221\jre\lib\rt.jar;C:\Program Files\Java\jdk1.8.0_221\jre\lib\sunrsasign.jar;C:\Program Files\Java\jdk1.8.0_221\jre\lib\jsse.jar;C:\Program Files\Java\jdk1.8.0_221\jre\lib\jce.jar;C:\Program Files\Java\jdk1.8.0_221\jre\lib\charsets.jar;C:\Program Files\Java\jdk1.8.0_221\jre\lib\jfr.jar;C:\Program Files\Java\jdk1.8.0_221\jre\classes"/>
    <property name="user.script" value=""/>
    <property name="sun.management.compiler" value="HotSpot 64-Bit Tiered Compilers"/>
    <property name="java.runtime.version" value="1.8.0_221-b11"/>
    <property name="user.name" value="a.g.swaminathan"/>
    <property name="path.separator" value=";"/>
    <property name="os.version" value="10.0"/>
    <property name="java.endorsed.dirs" value="C:\Program Files\Java\jdk1.8.0_221\jre\lib\endorsed"/>
    <property name="java.runtime.name" value="Java(TM) SE Runtime Environment"/>
    <property name="file.encoding" value="Cp1252"/>
    <property name="java.vm.name" value="Java HotSpot(TM) 64-Bit Server VM"/>
    <property name="localRepository" value="C:\Users\a.g.swaminathan\.m2\repository"/>
    <property name="java.vendor.url.bug" value="http://bugreport.sun.com/bugreport/"/>
    <property name="java.io.tmpdir" value="C:\Users\AG7203~1.SWA\AppData\Local\Temp\"/>
    <property name="java.version" value="1.8.0_221"/>
    <property name="user.dir" value="C:\Users\a.g.swaminathan\Documents\OneDrive_2019-09-18\Code Quality with SonarQube\participants\activity\sample_codes\java_custom_rules"/>
    <property name="os.arch" value="amd64"/>
    <property name="java.vm.specification.name" value="Java Virtual Machine Specification"/>
    <property name="java.awt.printerjob" value="sun.awt.windows.WPrinterJob"/>
    <property name="sun.os.patch.level" value=""/>
    <property name="java.library.path" value="C:\Program Files\Java\jdk1.8.0_221\jre\bin;C:\windows\Sun\Java\bin;C:\windows\system32;C:\windows;C:/Program Files/Java/jre1.8.0_221/bin/server;C:/Program Files/Java/jre1.8.0_221/bin;C:/Program Files/Java/jre1.8.0_221/lib/amd64;C:\Program Files (x86)\Common Files\Oracle\Java\javapath;C:\windows\system32;C:\windows;C:\windows\System32\Wbem;C:\windows\System32\WindowsPowerShell\v1.0\;C:\windows\System32\OpenSSH\;C:\Program Files\Intel\WiFi\bin\;C:\Program Files\Common Files\Intel\WirelessCommon\;C:\Users\a.g.swaminathan\AppData\Local\Microsoft\WindowsApps;C:\MyPrograms\sonarscanner\bin;C:\MyPrograms\Maven\apache-maven-3.6.2\bin;;C:\MyPrograms\eclipse-jee-oxygen-1a-win32-x86_64\eclipse;;."/>
    <property name="java.vm.info" value="mixed mode"/>
    <property name="java.vendor" value="Oracle Corporation"/>
    <property name="java.vm.version" value="25.221-b11"/>
    <property name="java.ext.dirs" value="C:\Program Files\Java\jdk1.8.0_221\jre\lib\ext;C:\windows\Sun\Java\lib\ext"/>
    <property name="sun.io.unicode.encoding" value="UnicodeLittle"/>
    <property name="java.class.version" value="52.0"/>
  </properties>
  <testcase name="testApp" classname="java_custom_rules.SonarRules.AppTest" time="0.006"/>
</testsuite>